Unity Player [version: Unity 5.0.0f4_5b98b70ebeb9]

AnotherJuan_Prototype_Deliverable.exe caused an Access Violation (0xc0000005)
  in module AnotherJuan_Prototype_Deliverable.exe at 0023:004fa834.

Error occurred at 2016-02-24_150440.
C:\Users\Betty\Downloads\Prototype_v2\Prototype\AnotherJuan_Prototype_Deliverable.exe, run by Betty.
48% memory in use.
0 MB physical memory [0 MB free].
0 MB paging file [0 MB free].
0 MB user address space [3767 MB free].
Read from location 00000004 caused an access violation.

Context:
EDI:    0x00000005  ESI: 0x812876be  EAX:   0x000010ec
EBX:    0x00000000  ECX: 0x00000000  EDX:   0x03941690
EIP:    0x004fa834  EBP: 0x0121fbd4  SegCs: 0x00000023
EFlags: 0x00010246  ESP: 0x0121fb40  SegSs: 0x0000002b

Bytes at CS:EIP:
8b 73 04 83 c4 08 3b f3 74 11 8b ff 8b 4e 08 8b 

Stack:
0x0121fb40: 00d001c0 00d01124 812876be 00000001 ....$....v(.....
0x0121fb50: 033ea150 00000000 3f800000 00000000 P.>........?....
0x0121fb60: 00000000 00000000 3f800000 00000000 ...........?....
0x0121fb70: 00000000 00000000 0121fb98 00ad07f7 ..........!.....
0x0121fb80: 0121fbcc 00000000 00000000 00000000 ..!.............
0x0121fb90: 033ea150 033ea1bc 033ea1bc 033ea150 P.>...>...>.P.>.
0x0121fba0: 0121fbb0 004f8c52 812876be 00ad097f ..!.R.O..v(.....
0x0121fbb0: 0121fbd0 004e1760 03941688 0121fbd0 ..!.`.N.......!.
0x0121fbc0: 004e1780 00000000 004de937 00000003 ..N.....7.M.....
0x0121fbd0: 004f8dc2 0121fcbc 002b34c1 00000000 ..O...!..4+.....
0x0121fbe0: 00000000 757f9cc0 00cb9e7c 091482b8 .......u|.......
0x0121fbf0: 0121f900 00000000 00000000 00000000 ..!.............
0x0121fc00: 01210101 00000000 00000000 00000001 ..!.............
0x0121fc10: 00000000 00000000 00000000 00000000 ................
0x0121fc20: 00000000 00000000 00000000 00000000 ................
0x0121fc30: 00000000 00000000 00000000 00000000 ................
0x0121fc40: 00000000 00000000 00000000 00000000 ................
0x0121fc50: 00000000 00000000 0121fc08 0121fc0c ..........!...!.
0x0121fc60: 00000000 00000000 00000000 00000000 ................
0x0121fc70: 00000000 00000000 00000000 00000000 ................
0x0121fc80: 00000001 00000001 00000000 00000000 ................
0x0121fc90: 00000000 00000000 00000000 00000000 ................
0x0121fca0: 00000000 00000000 00000002 757fc0b0 ...............u
0x0121fcb0: 00000001 039307c0 0100fcc8 0121fcf8 ..............!.
0x0121fcc0: 0034a951 00000000 00000001 00000000 Q.4.............
0x0121fcd0: 00000010 00000000 002803f8 00000200 ..........(.....
0x0121fce0: 00000000 01a102b4 00a82578 000002b4 ........x%......
0x0121fcf0: 000001a1 000004f4 0121fe2c 0034c3a0 ........,.!...4.
0x0121fd00: 006b8e32 00000000 fefa9000 02dcbcd0 2.k.............
0x0121fd10: 01c0003f 000001ff 00000000 0000005f ?..........._...
0x0121fd20: 0000005f 00000fff 02dc7c00 02d920c0 _........|... ..
0x0121fd30: 00dfa720 7fffffff 00000064 0000006f  .......d...o...
0x0121fd40: 02d920c0 00dfa720 0000000f 0000000f . .. ...........
0x0121fd50: 7fffffff 00000000 00ea5908 02d91750 .........Y..P...
0x0121fd60: 0000000f 0121fd00 0121fd98 006d3e99 ......!...!..>m.
0x0121fd70: 02d920c0 00dfa720 0000000f 02dc7c70 . .. .......p|..
0x0121fd80: 7fffffff 00000000 00ea5908 00000065 .........Y..e...
0x0121fd90: 0000006f 0121fd00 02dcbeb0 006c331c o.....!......3l.
0x0121fda0: 02d920c0 00dfa720 00000056 0000005f . .. ...V..._...
0x0121fdb0: 00000004 616e614d 00646567 02d91750 ....Managed.P...
0x0121fdc0: 756e6547 00000007 0000000f 00000000 Genu............
0x0121fdd0: 02bb93f0 02dafa90 02dafac8 02dafac8 ................
0x0121fde0: 0121fe10 72637300 696e6565 6c640064 ..!..screenid.dl
0x0121fdf0: 006b006c 00000000 0000000f 0121fe1c l.k...........!.
0x0121fe00: 00000000 0121fe1c 006b3917 0130336e ......!..9k.n30.
0x0121fe10: 00000000 0000000f 00000000 00000000 ................
0x0121fe20: 02bb93f0 00000000 02bb9430 0121fe44 ........0...D.!.
0x0121fe30: 00681d98 000f0000 00000000 01303370 ..h.........p30.
0x0121fe40: 00000001 0121fed4 006b8ddf 000f0000 ......!...k.....
0x0121fe50: 00000000 01303370 00000001 ef7a158c ....p30.......z.
0x0121fe60: 006b8e32 006b8e32 fefa9000 00000044 2.k.2.k.....D...
0x0121fe70: 01301b92 01301b72 01301ac6 00000000 ..0.r.0...0.....
0x0121fe80: 00000000 00000000 00000000 00000000 ................
0x0121fe90: 00000000 00000000 00000401 00000001 ................
0x0121fea0: 00000000 00000000 00010001 00000000 ................
0x0121feb0: c0000005 006b8e32 00000000 0121fe5c ....2.k.....\.!.
0x0121fec0: 0121f56c 0121ff20 006baa00 eebf4410 l.!. .!...k..D..
0x0121fed0: 00000000 0121fee8 77017c04 fefa9000 ......!..|.w....
0x0121fee0: 77017be0 f6a97054 0121ff30 7726ab8f .{.wTp..0.!...&w
0x0121fef0: fefa9000 f688161b 00000000 00000000 ................
0x0121ff00: fefa9000 c0000005 74bdf580 00000000 ...........t....
0x0121ff10: 0121f54c f688161b 0121fef4 0121f54c L.!.......!.L.!.
0x0121ff20: 0121ff38 772a7380 808f428b 00000000 8.!..s*w.B......
0x0121ff30: 0121ff40 7726ab5a ffffffff 7724fffc @.!.Z.&w......$w
0x0121ff40: 00000000 00000000 006b8e32 fefa9000 ........2.k.....
0x0121ff50: 00000000 00000000 00000000 00000000 ................
0x0121ff60: 00000000 00000000 00000000 00000000 ................
0x0121ff70: 00000000 00000000 00000000 00000000 ................
0x0121ff80: 00000000 00000000 00000000 00000000 ................
0x0121ff90: 00000000 00000000 00000000 00000000 ................
0x0121ffa0: 00000000 00000000 00000000 00000000 ................
0x0121ffb0: 00000000 00000000 00000000 00000000 ................
0x0121ffc0: 00000000 00000000 00000000 00000000 ................
0x0121ffd0: 00000000 00000000 00000000 00000000 ................
0x0121ffe0: 00000000 00000000 00000000 00000000 ................
0x0121fff0: 00000000 00000000 00000000 00000000 ................

Module 1
C:\Users\Betty\Downloads\Prototype_v2\Prototype\AnotherJuan_Prototype_Deliverable.exe
Image Base: 0x000f0000  Image Size: 0x00fa9000
File Size:  15651616    File Time:  2016-02-24_150230
Version:
   Company:    
   Product:    
   FileDesc:   
   FileVer:    5.0.0.39095
   ProdVer:    5.0.0.39095

Module 2
C:\Users\Betty\Downloads\Prototype_v2\Prototype\AnotherJuan_Prototype_Deliverable_Data\Mono\mono.dll
Image Base: 0x10000000  Image Size: 0x0022f000
File Size:  2102784     File Time:  2016-02-24_150236
Version:
   Company:    
   Product:    
   FileDesc:   
   FileVer:    0.0.0.0
   ProdVer:    0.0.0.0

Module 3
C:\Windows\SYSTEM32\igd10iumd32.dll
Image Base: 0x506e0000  Image Size: 0x006c4000
File Size:  7080680     File Time:  2014-11-19_022616
Version:
   Company:    Intel Corporation
   Product:    Intel HD Graphics Drivers for Windows 8(R)
   FileDesc:   User Mode Driver for Intel(R) Graphics Technology
   FileVer:    10.18.10.4013
   ProdVer:    10.18.10.4013

Module 4
C:\Windows\SYSTEM32\d3d11.dll
Image Base: 0x50db0000  Image Size: 0x001d9000
File Size:  1946144     File Time:  2014-11-21_041524
Version:
   Company:    Microsoft Corporation
   Product:    Microsoft® Windows® Operating System
   FileDesc:   Direct3D 11 Runtime
   FileVer:    6.3.9600.17415
   ProdVer:    6.3.9600.17415

Module 5
C:\Windows\SYSTEM32\DDRAW.dll
Image Base: 0x538a0000  Image Size: 0x000ec000
File Size:  544256      File Time:  2014-11-21_041524
Version:
   Company:    Microsoft Corporation
   Product:    Microsoft® Windows® Operating System
   FileDesc:   Microsoft DirectDraw
   FileVer:    6.3.9600.17415
   ProdVer:    6.3.9600.17415

Module 6
C:\Windows\SYSTEM32\midimap.dll
Image Base: 0x53c90000  Image Size: 0x00008000
File Size:  18944       File Time:  2014-11-21_041536
Version:
   Company:    Microsoft Corporation
   Product:    Microsoft® Windows® Operating System
   FileDesc:   Microsoft MIDI Mapper
   FileVer:    6.3.9600.17415
   ProdVer:    6.3.9600.17415

Module 7
C:\Windows\SYSTEM32\msacm32.drv
Image Base: 0x53ca0000  Image Size: 0x00009000
File Size:  23040       File Time:  2014-11-21_041536
Version:
   Company:    Microsoft Corporation
   Product:    Microsoft® Windows® Operating System
   FileDesc:   Microsoft Sound Mapper
   FileVer:    6.3.9600.17415
   ProdVer:    6.3.9600.17415

Module 8
C:\Windows\SYSTEM32\wdmaud.drv
Image Base: 0x53cb0000  Image Size: 0x00036000
File Size:  197120      File Time:  2014-11-21_041536
Version:
   Company:    Microsoft Corporation
   Product:    Microsoft® Windows® Operating System
   FileDesc:   Winmm  audio system driver
   FileVer:    6.3.9600.17415
   ProdVer:    6.3.9600.17415

Module 9
C:\Windows\SYSTEM32\ksuser.dll
Image Base: 0x56cc0000  Image Size: 0x00007000
File Size:  19096       File Time:  2014-11-21_041536
Version:
   Company:    Microsoft Corporation
   Product:    Microsoft® Windows® Operating System
   FileDesc:   User CSA Library
   FileVer:    6.3.9600.17415
   ProdVer:    6.3.9600.17415

Module 10
C:\Windows\SYSTEM32\MSACM32.dll
Image Base: 0x56d50000  Image Size: 0x00017000
File Size:  89816       File Time:  2014-11-21_041536
Version:
   Company:    Microsoft Corporation
   Product:    Microsoft® Windows® Operating System
   FileDesc:   Microsoft ACM Audio Filter
   FileVer:    6.3.9600.17415
   ProdVer:    6.3.9600.17415

Module 11
C:\Windows\SYSTEM32\DCIMAN32.dll
Image Base: 0x56d90000  Image Size: 0x00007000
File Size:  11776       File Time:  2014-11-21_041530
Version:
   Company:    Microsoft Corporation
   Product:    Microsoft® Windows® Operating System
   FileDesc:   DCI Manager
   FileVer:    6.3.9600.17415
   ProdVer:    6.3.9600.17415

Module 12
C:\Windows\SYSTEM32\AVRT.dll
Image Base: 0x56da0000  Image Size: 0x0000a000
File Size:  31496       File Time:  2014-11-21_041714
Version:
   Company:    Microsoft Corporation
   Product:    Microsoft® Windows® Operating System
   FileDesc:   Multimedia Realtime Runtime
   FileVer:    6.3.9600.17415
   ProdVer:    6.3.9600.17415

Module 13
C:\Program Files\WIDCOMM\Bluetooth Software\SysWOW64\BtMmHook.dll
Image Base: 0x5aad0000  Image Size: 0x00037000
File Size:  205568      File Time:  2014-07-10_183558
Version:
   Company:    Broadcom Corporation.
   Product:    Bluetooth Software
   FileDesc:   Multimedia Keys Hook DLL
   FileVer:    12.0.0.9840
   ProdVer:    12.0.0.9840

Module 14
C:\Windows\SYSTEM32\igdusc32.dll
Image Base: 0x5fb70000  Image Size: 0x00875000
File Size:  4679768     File Time:  2014-11-19_022628
Version:
   Company:    Intel Corporation
   Product:    Intel HD Graphics Drivers for Windows 8(R)
   FileDesc:   Unified Shader Compiler for Intel(R) Graphics Accelerator
   FileVer:    10.18.10.4013
   ProdVer:    10.18.10.4013

Module 15
C:\Windows\SYSTEM32\HID.DLL
Image Base: 0x67000000  Image Size: 0x0000a000
File Size:  26624       File Time:  2014-11-21_041514
Version:
   Company:    Microsoft Corporation
   Product:    Microsoft® Windows® Operating System
   FileDesc:   Hid User Library
   FileVer:    6.3.9600.17415
   ProdVer:    6.3.9600.17415

Module 16
C:\Windows\SYSTEM32\OPENGL32.dll
Image Base: 0x68550000  Image Size: 0x000de000
File Size:  777728      File Time:  2014-11-21_041524
Version:
   Company:    Microsoft Corporation
   Product:    Microsoft® Windows® Operating System
   FileDesc:   OpenGL Client DLL
   FileVer:    6.3.9600.17415
   ProdVer:    6.3.9600.17415

Module 17
C:\Windows\WinSxS\x86_microsoft.windows.common-controls_6595b64144ccf1df_6.0.9600.18006_none_a9ec6aab013aafee\comctl32.dll
Image Base: 0x688d0000  Image Size: 0x00206000
File Size:  2105856     File Time:  2015-08-06_122032
Version:
   Company:    Microsoft Corporation
   Product:    Microsoft® Windows® Operating System
   FileDesc:   User Experience Controls Library
   FileVer:    6.10.9600.18006
   ProdVer:    6.3.9600.18006

Module 18
C:\Windows\SYSTEM32\WINMMBASE.dll
Image Base: 0x68ea0000  Image Size: 0x00023000
File Size:  134280      File Time:  2014-11-21_041536
Version:
   Company:    Microsoft Corporation
   Product:    Microsoft® Windows® Operating System
   FileDesc:   Base Multimedia Extension API DLL
   FileVer:    6.3.9600.17415
   ProdVer:    6.3.9600.17415

Module 19
C:\Windows\SYSTEM32\AUDIOSES.DLL
Image Base: 0x69140000  Image Size: 0x00060000
File Size:  370424      File Time:  2014-11-21_041540
Version:
   Company:    Microsoft Corporation
   Product:    Microsoft® Windows® Operating System
   FileDesc:   Audio Session
   FileVer:    6.3.9600.17415
   ProdVer:    6.3.9600.17415

Module 20
C:\Windows\SYSTEM32\MMDevAPI.DLL
Image Base: 0x692d0000  Image Size: 0x00053000
File Size:  331048      File Time:  2014-11-21_041536
Version:
   Company:    Microsoft Corporation
   Product:    Microsoft® Windows® Operating System
   FileDesc:   MMDevice API
   FileVer:    6.3.9600.17415
   ProdVer:    6.3.9600.17415

Module 21
C:\Windows\system32\dwmapi.dll
Image Base: 0x69330000  Image Size: 0x0001a000
File Size:  102728      File Time:  2014-11-21_041530
Version:
   Company:    Microsoft Corporation
   Product:    Microsoft® Windows® Operating System
   FileDesc:   Microsoft Desktop Window Manager API
   FileVer:    6.3.9600.17415
   ProdVer:    6.3.9600.17415

Module 22
C:\Windows\SYSTEM32\WINMM.dll
Image Base: 0x69360000  Image Size: 0x00023000
File Size:  136840      File Time:  2014-11-21_041536
Version:
   Company:    Microsoft Corporation
   Product:    Microsoft® Windows® Operating System
   FileDesc:   MCI API DLL
   FileVer:    6.3.9600.17415
   ProdVer:    6.3.9600.17415

Module 23
C:\Windows\SYSTEM32\d3d10_1core.dll
Image Base: 0x693f0000  Image Size: 0x0005a000
File Size:  352768      File Time:  2014-11-21_041524
Version:
   Company:    Microsoft Corporation
   Product:    Microsoft® Windows® Operating System
   FileDesc:   Direct3D 10.1 Runtime
   FileVer:    6.3.9600.17415
   ProdVer:    6.3.9600.17415

Module 24
C:\Windows\SYSTEM32\d3d10_1.dll
Image Base: 0x6a1d0000  Image Size: 0x0002d000
File Size:  161792      File Time:  2014-11-21_041524
Version:
   Company:    Microsoft Corporation
   Product:    Microsoft® Windows® Operating System
   FileDesc:   Direct3D 10.1 Runtime
   FileVer:    6.3.9600.17415
   ProdVer:    6.3.9600.17415

Module 25
C:\Windows\SYSTEM32\dxgi.dll
Image Base: 0x6a210000  Image Size: 0x00069000
File Size:  430176      File Time:  2014-11-21_041524
Version:
   Company:    Microsoft Corporation
   Product:    Microsoft® Windows® Operating System
   FileDesc:   DirectX Graphics Infrastructure
   FileVer:    6.3.9600.17415
   ProdVer:    6.3.9600.17415

Module 26
C:\Windows\System32\fwpuclnt.dll
Image Base: 0x6a810000  Image Size: 0x00046000
File Size:  272384      File Time:  2015-08-10_115632
Version:
   Company:    Microsoft Corporation
   Product:    Microsoft® Windows® Operating System
   FileDesc:   FWP/IPsec User-Mode API
   FileVer:    6.3.9600.18009
   ProdVer:    6.3.9600.18009

Module 27
C:\Windows\SYSTEM32\ntmarta.dll
Image Base: 0x6acb0000  Image Size: 0x00028000
File Size:  154392      File Time:  2014-11-21_041654
Version:
   Company:    Microsoft Corporation
   Product:    Microsoft® Windows® Operating System
   FileDesc:   Windows NT MARTA provider
   FileVer:    6.3.9600.17415
   ProdVer:    6.3.9600.17415

Module 28
C:\Windows\SYSTEM32\NTASN1.dll
Image Base: 0x6ea90000  Image Size: 0x00029000
File Size:  165728      File Time:  2014-11-21_041654
Version:
   Company:    Microsoft Corporation
   Product:    Microsoft® Windows® Operating System
   FileDesc:   Microsoft ASN.1 API
   FileVer:    6.3.9600.17415
   ProdVer:    6.3.9600.17415

Module 29
C:\Windows\SYSTEM32\DNSAPI.dll
Image Base: 0x71570000  Image Size: 0x0007e000
File Size:  498688      File Time:  2015-04-10_061322
Version:
   Company:    Microsoft Corporation
   Product:    Microsoft® Windows® Operating System
   FileDesc:   DNS Client API DLL
   FileVer:    6.3.9600.17481
   ProdVer:    6.3.9600.17481

Module 30
C:\Windows\system32\apphelp.dll
Image Base: 0x71920000  Image Size: 0x000a0000
File Size:  642560      File Time:  2014-11-21_041638
Version:
   Company:    Microsoft Corporation
   Product:    Microsoft® Windows® Operating System
   FileDesc:   Application Compatibility Client Library
   FileVer:    6.3.9600.17415
   ProdVer:    6.3.9600.17415

Module 31
C:\Windows\SYSTEM32\powrprof.dll
Image Base: 0x719c0000  Image Size: 0x00040000
File Size:  255136      File Time:  2014-11-21_041636
Version:
   Company:    Microsoft Corporation
   Product:    Microsoft® Windows® Operating System
   FileDesc:   Power Profile Helper DLL
   FileVer:    6.3.9600.17415
   ProdVer:    6.3.9600.17415

Module 32
C:\Windows\SYSTEM32\ncrypt.dll
Image Base: 0x71aa0000  Image Size: 0x00020000
File Size:  120376      File Time:  2015-12-03_135210
Version:
   Company:    Microsoft Corporation
   Product:    Microsoft® Windows® Operating System
   FileDesc:   Windows NCrypt Router
   FileVer:    6.3.9600.18154
   ProdVer:    6.3.9600.18154

Module 33
C:\Windows\System32\rasadhlp.dll
Image Base: 0x72e00000  Image Size: 0x00008000
File Size:  12288       File Time:  2014-11-21_041646
Version:
   Company:    Microsoft Corporation
   Product:    Microsoft® Windows® Operating System
   FileDesc:   Remote Access AutoDial Helper
   FileVer:    6.3.9600.17415
   ProdVer:    6.3.9600.17415

Module 34
C:\Windows\SYSTEM32\MSWSOCK.dll
Image Base: 0x72e80000  Image Size: 0x0004b000
File Size:  286208      File Time:  2014-11-21_041654
Version:
   Company:    Microsoft Corporation
   Product:    Microsoft® Windows® Operating System
   FileDesc:   Microsoft Windows Sockets 2.0 Service Provider
   FileVer:    6.3.9600.17415
   ProdVer:    6.3.9600.17415

Module 35
C:\Windows\SYSTEM32\dhcpcsvc.DLL
Image Base: 0x73740000  Image Size: 0x00014000
File Size:  64512       File Time:  2014-11-21_041654
Version:
   Company:    Microsoft Corporation
   Product:    Microsoft® Windows® Operating System
   FileDesc:   DHCP Client Service
   FileVer:    6.3.9600.17415
   ProdVer:    6.3.9600.17415

Module 36
C:\Windows\SYSTEM32\dhcpcsvc6.DLL
Image Base: 0x73760000  Image Size: 0x00013000
File Size:  57344       File Time:  2014-11-21_041654
Version:
   Company:    Microsoft Corporation
   Product:    Microsoft® Windows® Operating System
   FileDesc:   DHCPv6 Client
   FileVer:    6.3.9600.17415
   ProdVer:    6.3.9600.17415

Module 37
C:\Windows\SYSTEM32\WINHTTP.dll
Image Base: 0x73910000  Image Size: 0x0009f000
File Size:  631808      File Time:  2014-11-21_041658
Version:
   Company:    Microsoft Corporation
   Product:    Microsoft® Windows® Operating System
   FileDesc:   Windows HTTP Services
   FileVer:    6.3.9600.17415
   ProdVer:    6.3.9600.17415

Module 38
C:\Windows\SYSTEM32\WINNSI.DLL
Image Base: 0x73a80000  Image Size: 0x00008000
File Size:  26304       File Time:  2014-11-21_041514
Version:
   Company:    Microsoft Corporation
   Product:    Microsoft® Windows® Operating System
   FileDesc:   Network Store Information RPC interface
   FileVer:    6.3.9600.17415
   ProdVer:    6.3.9600.17415

Module 39
C:\Windows\SYSTEM32\VERSION.dll
Image Base: 0x73a90000  Image Size: 0x00008000
File Size:  26304       File Time:  2014-11-21_041650
Version:
   Company:    Microsoft Corporation
   Product:    Microsoft® Windows® Operating System
   FileDesc:   Version Checking and File Installation Libraries
   FileVer:    6.3.9600.17415
   ProdVer:    6.3.9600.17415

Module 40
C:\Windows\SYSTEM32\IPHLPAPI.DLL
Image Base: 0x73b40000  Image Size: 0x00020000
File Size:  120864      File Time:  2014-11-21_041654
Version:
   Company:    Microsoft Corporation
   Product:    Microsoft® Windows® Operating System
   FileDesc:   IP Helper API
   FileVer:    6.3.9600.17415
   ProdVer:    6.3.9600.17415

Module 41
C:\Windows\SYSTEM32\dbghelp.dll
Image Base: 0x73df0000  Image Size: 0x00141000
File Size:  1207296     File Time:  2015-03-31_213102
Version:
   Company:    Microsoft Corporation
   Product:    Microsoft® Windows® Operating System
   FileDesc:   Windows Image Helper
   FileVer:    6.3.9600.17787
   ProdVer:    6.3.9600.17787

Module 42
C:\Windows\SYSTEM32\DEVOBJ.dll
Image Base: 0x73fc0000  Image Size: 0x00021000
File Size:  127552      File Time:  2014-11-21_041654
Version:
   Company:    Microsoft Corporation
   Product:    Microsoft® Windows® Operating System
   FileDesc:   Device Information Set DLL
   FileVer:    6.3.9600.17415
   ProdVer:    6.3.9600.17415

Module 43
C:\Windows\SYSTEM32\bcrypt.dll
Image Base: 0x74640000  Image Size: 0x0001e000
File Size:  111104      File Time:  2014-11-21_041654
Version:
   Company:    Microsoft Corporation
   Product:    Microsoft® Windows® Operating System
   FileDesc:   Windows Cryptographic Primitives Library
   FileVer:    6.3.9600.17415
   ProdVer:    6.3.9600.17415

Module 44
C:\Windows\system32\rsaenh.dll
Image Base: 0x74660000  Image Size: 0x00030000
File Size:  192096      File Time:  2014-11-21_041654
Version:
   Company:    Microsoft Corporation
   Product:    Microsoft® Windows® Operating System
   FileDesc:   Microsoft Enhanced Cryptographic Provider
   FileVer:    6.3.9600.17415
   ProdVer:    6.3.9600.17415

Module 45
C:\Windows\SYSTEM32\CRYPTSP.dll
Image Base: 0x74690000  Image Size: 0x00019000
File Size:  96032       File Time:  2014-11-21_041654
Version:
   Company:    Microsoft Corporation
   Product:    Microsoft® Windows® Operating System
   FileDesc:   Cryptographic Service Provider API
   FileVer:    6.3.9600.17415
   ProdVer:    6.3.9600.17415

Module 46
C:\Windows\SYSTEM32\kernel.appcore.dll
Image Base: 0x74800000  Image Size: 0x00009000
File Size:  29920       File Time:  2014-11-21_041636
Version:
   Company:    Microsoft Corporation
   Product:    Microsoft® Windows® Operating System
   FileDesc:   AppModel API Host
   FileVer:    6.3.9600.17415
   ProdVer:    6.3.9600.17415

Module 47
C:\Windows\system32\uxtheme.dll
Image Base: 0x74810000  Image Size: 0x000ed000
File Size:  949760      File Time:  2014-11-21_041648
Version:
   Company:    Microsoft Corporation
   Product:    Microsoft® Windows® Operating System
   FileDesc:   Microsoft UxTheme Library
   FileVer:    6.3.9600.17415
   ProdVer:    6.3.9600.17415

Module 48
C:\Windows\SYSTEM32\shcore.dll
Image Base: 0x74900000  Image Size: 0x0008b000
File Size:  560392      File Time:  2015-01-23_000234
Version:
   Company:    Microsoft Corporation
   Product:    Microsoft® Windows® Operating System
   FileDesc:   SHCORE
   FileVer:    6.3.9600.17666
   ProdVer:    6.3.9600.17666

Module 49
C:\Windows\SYSTEM32\bcryptPrimitives.dll
Image Base: 0x74990000  Image Size: 0x00054000
File Size:  340872      File Time:  2015-12-03_135210
Version:
   Company:    Microsoft Corporation
   Product:    Microsoft® Windows® Operating System
   FileDesc:   Windows Cryptographic Primitives Library
   FileVer:    6.3.9600.18154
   ProdVer:    6.3.9600.18154

Module 50
C:\Windows\SYSTEM32\CRYPTBASE.dll
Image Base: 0x749f0000  Image Size: 0x0000a000
File Size:  30984       File Time:  2014-11-21_041642
Version:
   Company:    Microsoft Corporation
   Product:    Microsoft® Windows® Operating System
   FileDesc:   Base cryptographic API DLL
   FileVer:    6.3.9600.17415
   ProdVer:    6.3.9600.17415

Module 51
C:\Windows\SYSTEM32\SspiCli.dll
Image Base: 0x74a00000  Image Size: 0x0001e000
File Size:  104960      File Time:  2014-11-21_041642
Version:
   Company:    Microsoft Corporation
   Product:    Microsoft® Windows® Operating System
   FileDesc:   Security Support Provider Interface
   FileVer:    6.3.9600.17415
   ProdVer:    6.3.9600.17415

Module 52
C:\Windows\SYSTEM32\PSAPI.DLL
Image Base: 0x74a20000  Image Size: 0x00006000
File Size:  16504       File Time:  2014-11-21_041638
Version:
   Company:    Microsoft Corporation
   Product:    Microsoft® Windows® Operating System
   FileDesc:   Process Status Helper
   FileVer:    6.3.9600.17415
   ProdVer:    6.3.9600.17415

Module 53
C:\Windows\SYSTEM32\OLEAUT32.dll
Image Base: 0x74a30000  Image Size: 0x00095000
File Size:  602776      File Time:  2015-04-10_062122
Version:
   Company:    Microsoft Corporation
   Product:    
   FileDesc:   
   FileVer:    6.3.9600.17560
   ProdVer:    6.3.9600.17560

Module 54
C:\Windows\SYSTEM32\SHLWAPI.dll
Image Base: 0x74ad0000  Image Size: 0x00045000
File Size:  278352      File Time:  2014-11-21_041650
Version:
   Company:    Microsoft Corporation
   Product:    Microsoft® Windows® Operating System
   FileDesc:   Shell Light-weight Utility Library
   FileVer:    6.3.9600.17415
   ProdVer:    6.3.9600.17415

Module 55
C:\Windows\SYSTEM32\KERNELBASE.dll
Image Base: 0x74b20000  Image Size: 0x000d7000
File Size:  862720      File Time:  2016-01-19_123040
Version:
   Company:    Microsoft Corporation
   Product:    Microsoft® Windows® Operating System
   FileDesc:   Windows NT BASE API Client DLL
   FileVer:    6.3.9600.18202
   ProdVer:    6.3.9600.18202

Module 56
C:\Windows\SYSTEM32\MSCTF.dll
Image Base: 0x74c60000  Image Size: 0x00112000
File Size:  1124384     File Time:  2015-10-03_144148
Version:
   Company:    Microsoft Corporation
   Product:    Microsoft® Windows® Operating System
   FileDesc:   MSCTF Server DLL
   FileVer:    6.3.9600.18081
   ProdVer:    6.3.9600.18081

Module 57
C:\Windows\SYSTEM32\msvcrt.dll
Image Base: 0x74d80000  Image Size: 0x000c3000
File Size:  800008      File Time:  2014-11-21_041714
Version:
   Company:    Microsoft Corporation
   Product:    Microsoft® Windows® Operating System
   FileDesc:   Windows NT CRT DLL
   FileVer:    7.0.9600.17415
   ProdVer:    6.1.8638.17415

Module 58
C:\Windows\SYSTEM32\sechost.dll
Image Base: 0x74e50000  Image Size: 0x00041000
File Size:  257216      File Time:  2015-03-23_164506
Version:
   Company:    Microsoft Corporation
   Product:    Microsoft® Windows® Operating System
   FileDesc:   Host for SCM/SDDL/LSA Lookup APIs
   FileVer:    6.3.9600.17734
   ProdVer:    6.3.9600.17734

Module 59
C:\Windows\SYSTEM32\IMM32.dll
Image Base: 0x74eb0000  Image Size: 0x00027000
File Size:  141312      File Time:  2014-11-21_041530
Version:
   Company:    Microsoft Corporation
   Product:    Microsoft® Windows® Operating System
   FileDesc:   Multi-User Windows IMM32 API Client DLL
   FileVer:    6.3.9600.17415
   ProdVer:    6.3.9600.17415

Module 60
C:\Windows\SYSTEM32\NSI.dll
Image Base: 0x74ee0000  Image Size: 0x00007000
File Size:  20120       File Time:  2014-11-21_041514
Version:
   Company:    Microsoft Corporation
   Product:    Microsoft® Windows® Operating System
   FileDesc:   NSI User-mode interface DLL
   FileVer:    6.3.9600.17415
   ProdVer:    6.3.9600.17415

Module 61
C:\Windows\SYSTEM32\RPCRT4.dll
Image Base: 0x74ef0000  Image Size: 0x000ba000
File Size:  747520      File Time:  2015-06-27_114236
Version:
   Company:    Microsoft Corporation
   Product:    Microsoft® Windows® Operating System
   FileDesc:   Remote Procedure Call Runtime
   FileVer:    6.3.9600.17919
   ProdVer:    6.3.9600.17919

Module 62
C:\Windows\SYSTEM32\clbcatq.dll
Image Base: 0x75010000  Image Size: 0x0008d000
File Size:  569128      File Time:  2014-11-21_041640
Version:
   Company:    Microsoft Corporation
   Product:    Microsoft® Windows® Operating System
   FileDesc:   COM+ Configuration Catalog
   FileVer:    2001.12.10530.17415
   ProdVer:    6.3.9600.17415

Module 63
C:\Windows\SYSTEM32\GDI32.dll
Image Base: 0x75340000  Image Size: 0x0010f000
File Size:  1097216     File Time:  2015-12-04_100038
Version:
   Company:    Microsoft Corporation
   Product:    Microsoft® Windows® Operating System
   FileDesc:   GDI Client DLL
   FileVer:    6.3.9600.18155
   ProdVer:    6.3.9600.18155

Module 64
C:\Windows\SYSTEM32\combase.dll
Image Base: 0x75450000  Image Size: 0x0017d000
File Size:  1564496     File Time:  2016-01-19_132400
Version:
   Company:    Microsoft Corporation
   Product:    Microsoft® Windows® Operating System
   FileDesc:   Microsoft COM for Windows
   FileVer:    6.3.9600.18202
   ProdVer:    6.3.9600.18202

Module 65
C:\Windows\SYSTEM32\ADVAPI32.dll
Image Base: 0x755d0000  Image Size: 0x0007c000
File Size:  507176      File Time:  2015-12-08_140750
Version:
   Company:    Microsoft Corporation
   Product:    Microsoft® Windows® Operating System
   FileDesc:   Advanced Windows 32 Base API
   FileVer:    6.3.9600.18155
   ProdVer:    6.3.9600.18155

Module 66
C:\Windows\SYSTEM32\cfgmgr32.dll
Image Base: 0x75670000  Image Size: 0x0003c000
File Size:  241168      File Time:  2014-11-21_041654
Version:
   Company:    Microsoft Corporation
   Product:    Microsoft® Windows® Operating System
   FileDesc:   Configuration Manager DLL
   FileVer:    6.3.9600.17415
   ProdVer:    6.3.9600.17415

Module 67
C:\Windows\SYSTEM32\ole32.dll
Image Base: 0x756b0000  Image Size: 0x00129000
File Size:  1212248     File Time:  2015-06-16_003646
Version:
   Company:    Microsoft Corporation
   Product:    Microsoft® Windows® Operating System
   FileDesc:   Microsoft OLE for Windows
   FileVer:    6.3.9600.17905
   ProdVer:    6.3.9600.17905

Module 68
C:\Windows\SYSTEM32\USER32.dll
Image Base: 0x757e0000  Image Size: 0x00153000
File Size:  1376256     File Time:  2015-11-08_154822
Version:
   Company:    Microsoft Corporation
   Product:    Microsoft® Windows® Operating System
   FileDesc:   Multi-User Windows USER API Client DLL
   FileVer:    6.3.9600.18123
   ProdVer:    6.3.9600.18123

Module 69
C:\Windows\SYSTEM32\SHELL32.dll
Image Base: 0x759e0000  Image Size: 0x012bc000
File Size:  19795904    File Time:  2015-08-26_214252
Version:
   Company:    Microsoft Corporation
   Product:    Microsoft® Windows® Operating System
   FileDesc:   Windows Shell Common Dll
   FileVer:    6.3.9600.18038
   ProdVer:    6.3.9600.18038

Module 70
C:\Windows\SYSTEM32\WS2_32.dll
Image Base: 0x76e20000  Image Size: 0x00050000
File Size:  321248      File Time:  2014-11-21_041642
Version:
   Company:    Microsoft Corporation
   Product:    Microsoft® Windows® Operating System
   FileDesc:   Windows Socket 2.0 32-Bit DLL
   FileVer:    6.3.9600.17415
   ProdVer:    6.3.9600.17415

Module 71
C:\Windows\SYSTEM32\KERNEL32.DLL
Image Base: 0x77000000  Image Size: 0x00140000
File Size:  1040384     File Time:  2014-11-21_041638
Version:
   Company:    Microsoft Corporation
   Product:    Microsoft® Windows® Operating System
   FileDesc:   Windows NT BASE API Client DLL
   FileVer:    6.3.9600.17415
   ProdVer:    6.3.9600.17415

Module 72
C:\Windows\SYSTEM32\ntdll.dll
Image Base: 0x77210000  Image Size: 0x0016f000
File Size:  1501496     File Time:  2016-01-19_132334
Version:
   Company:    Microsoft Corporation
   Product:    Microsoft® Windows® Operating System
   FileDesc:   NT Layer DLL
   FileVer:    6.3.9600.18202
   ProdVer:    6.3.9600.18202

Module 73
C:\Windows\SYSTEM32\GLU32.dll
Image Base: 0x77380000  Image Size: 0x00025000
File Size:  140288      File Time:  2014-11-21_041524
Version:
   Company:    Microsoft Corporation
   Product:    Microsoft® Windows® Operating System
   FileDesc:   OpenGL Utility Library DLL
   FileVer:    6.3.9600.17415
   ProdVer:    6.3.9600.17415

Module 74
C:\Windows\SYSTEM32\dsound.dll
Image Base: 0x77b40000  Image Size: 0x00081000
File Size:  517120      File Time:  2014-11-21_041538
Version:
   Company:    Microsoft Corporation
   Product:    Microsoft® Windows® Operating System
   FileDesc:   DirectSound
   FileVer:    6.3.9600.17415
   ProdVer:    6.3.9600.17415


== [end of error.log] ==
